<?xml version="1.0" encoding="UTF-8"?>
<coverage generated="1449623091">
  <project timestamp="1449623091">
    <package name="Quickmire\ApiTester\Console\Command">
      <file name="/home/jz/projects/php/api-expectations/src/Quickmire/ApiTester/Console/Command/ApiTesterCommand.php">
        <class name="ApiTesterCommand" namespace="Quickmire\ApiTester\Console\Command">
          <metrics methods="2" coveredmethods="1" conditionals="0" coveredconditionals="0" statements="14" coveredstatements="13" elements="16" coveredelements="14"/>
        </class>
        <line num="24" type="method" name="configure" crap="1" count="3"/>
        <line num="26" type="stmt" count="3"/>
        <line num="27" type="stmt" count="3"/>
        <line num="28" type="stmt" count="3"/>
        <line num="29" type="stmt" count="3"/>
        <line num="30" type="stmt" count="3"/>
        <line num="31" type="stmt" count="3"/>
        <line num="33" type="stmt" count="3"/>
        <line num="34" type="stmt" count="3"/>
        <line num="36" type="method" name="execute" crap="2.02" count="2"/>
        <line num="38" type="stmt" count="2"/>
        <line num="39" type="stmt" count="2"/>
        <line num="40" type="stmt" count="0"/>
        <line num="42" type="stmt" count="2"/>
        <line num="43" type="stmt" count="2"/>
        <line num="45" type="stmt" count="2"/>
        <metrics loc="46" ncloc="38" classes="1" methods="2" coveredmethods="1" conditionals="0" coveredconditionals="0" statements="14" coveredstatements="13" elements="16" coveredelements="14"/>
      </file>
    </package>
    <package name="Quickmire\ApiTester">
      <file name="/home/jz/projects/php/api-expectations/src/Quickmire/ApiTester/Definition.php">
        <class name="Definition" namespace="Quickmire\ApiTester">
          <metrics methods="6" coveredmethods="6" conditionals="0" coveredconditionals="0" statements="37" coveredstatements="37" elements="43" coveredelements="43"/>
        </class>
        <line num="17" type="method" name="__construct" crap="1" count="10"/>
        <line num="19" type="stmt" count="10"/>
        <line num="21" type="stmt" count="9"/>
        <line num="23" type="stmt" count="9"/>
        <line num="25" type="stmt" count="9"/>
        <line num="27" type="method" name="getExpectations" crap="6" count="9"/>
        <line num="29" type="stmt" count="9"/>
        <line num="30" type="stmt" count="9"/>
        <line num="31" type="method" name="anonymous function" crap="6" count="9"/>
        <line num="32" type="stmt" count="9"/>
        <line num="33" type="stmt" count="1"/>
        <line num="35" type="stmt" count="8"/>
        <line num="36" type="stmt" count="6"/>
        <line num="37" type="stmt" count="6"/>
        <line num="38" type="stmt" count="2"/>
        <line num="41" type="stmt" count="8"/>
        <line num="42" type="stmt" count="1"/>
        <line num="43" type="stmt" count="1"/>
        <line num="44" type="stmt" count="7"/>
        <line num="45" type="stmt" count="1"/>
        <line num="48" type="stmt" count="7"/>
        <line num="51" type="stmt" count="6"/>
        <line num="52" type="stmt" count="6"/>
        <line num="53" type="stmt" count="6"/>
        <line num="54" type="stmt" count="6"/>
        <line num="55" type="stmt" count="9"/>
        <line num="58" type="method" name="parseBaseOptions" crap="1" count="9"/>
        <line num="60" type="stmt" count="9"/>
        <line num="63" type="method" name="collectFields" crap="4" count="9"/>
        <line num="65" type="stmt" count="9"/>
        <line num="66" type="stmt" count="9"/>
        <line num="67" type="stmt" count="9"/>
        <line num="68" type="stmt" count="6"/>
        <line num="69" type="stmt" count="6"/>
        <line num="70" type="stmt" count="3"/>
        <line num="71" type="stmt" count="3"/>
        <line num="72" type="stmt" count="3"/>
        <line num="74" type="stmt" count="9"/>
        <line num="75" type="stmt" count="9"/>
        <line num="78" type="method" name="validate" crap="2" count="10"/>
        <line num="80" type="stmt" count="10"/>
        <line num="81" type="stmt" count="1"/>
        <line num="83" type="stmt" count="9"/>
        <metrics loc="85" ncloc="79" classes="1" methods="6" coveredmethods="6" conditionals="0" coveredconditionals="0" statements="37" coveredstatements="37" elements="43" coveredelements="43"/>
      </file>
      <file name="/home/jz/projects/php/api-expectations/src/Quickmire/ApiTester/Expectation.php">
        <class name="Expectation" namespace="Quickmire\ApiTester">
          <metrics methods="7" coveredmethods="7" conditionals="0" coveredconditionals="0" statements="17" coveredstatements="17" elements="24" coveredelements="24"/>
        </class>
        <line num="19" type="method" name="__construct" crap="1" count="9"/>
        <line num="21" type="stmt" count="9"/>
        <line num="22" type="stmt" count="9"/>
        <line num="23" type="stmt" count="9"/>
        <line num="25" type="method" name="assert" crap="1" count="9"/>
        <line num="27" type="stmt" count="9"/>
        <line num="30" type="method" name="getMessages" crap="1" count="1"/>
        <line num="32" type="stmt" count="1"/>
        <line num="35" type="method" name="resolver" crap="4" count="10"/>
        <line num="37" type="stmt" count="10"/>
        <line num="38" type="stmt" count="7"/>
        <line num="39" type="stmt" count="10"/>
        <line num="40" type="stmt" count="1"/>
        <line num="41" type="stmt" count="10"/>
        <line num="42" type="stmt" count="8"/>
        <line num="44" type="stmt" count="5"/>
        <line num="47" type="method" name="isMap" crap="2" count="10"/>
        <line num="49" type="stmt" count="10"/>
        <line num="50" type="stmt" count="10"/>
        <line num="53" type="method" name="isArray" crap="2" count="10"/>
        <line num="55" type="stmt" count="10"/>
        <line num="56" type="stmt" count="10"/>
        <line num="58" type="method" name="isRegex" crap="1" count="10"/>
        <line num="61" type="stmt" count="10"/>
        <metrics loc="62" ncloc="54" classes="1" methods="7" coveredmethods="7" conditionals="0" coveredconditionals="0" statements="17" coveredstatements="17" elements="24" coveredelements="24"/>
      </file>
      <file name="/home/jz/projects/php/api-expectations/src/Quickmire/ApiTester/ExpectationTester.php">
        <class name="ExpectationTester" namespace="Quickmire\ApiTester">
          <metrics methods="2" coveredmethods="2" conditionals="0" coveredconditionals="0" statements="15" coveredstatements="15" elements="17" coveredelements="17"/>
        </class>
        <line num="16" type="method" name="__construct" crap="1" count="5"/>
        <line num="18" type="stmt" count="5"/>
        <line num="19" type="stmt" count="5"/>
        <line num="21" type="method" name="test" crap="5" count="5"/>
        <line num="23" type="stmt" count="5"/>
        <line num="24" type="stmt" count="5"/>
        <line num="26" type="stmt" count="5"/>
        <line num="27" type="stmt" count="5"/>
        <line num="28" type="stmt" count="5"/>
        <line num="29" type="stmt" count="5"/>
        <line num="30" type="stmt" count="1"/>
        <line num="32" type="stmt" count="4"/>
        <line num="33" type="stmt" count="4"/>
        <line num="34" type="stmt" count="4"/>
        <line num="35" type="stmt" count="1"/>
        <line num="37" type="stmt" count="3"/>
        <line num="38" type="stmt" count="3"/>
        <metrics loc="39" ncloc="33" classes="1" methods="2" coveredmethods="2" conditionals="0" coveredconditionals="0" statements="15" coveredstatements="15" elements="17" coveredelements="17"/>
      </file>
      <file name="/home/jz/projects/php/api-expectations/src/Quickmire/ApiTester/FailedExpectationException.php">
        <class name="FailedExpectationException" namespace="Quickmire\ApiTester">
          <metrics methods="0" coveredmethods="0" conditionals="0" coveredconditionals="0" statements="0" coveredstatements="0" elements="0" coveredelements="0"/>
        </class>
        <metrics loc="13" ncloc="7" classes="1" methods="0" coveredmethods="0" conditionals="0" coveredconditionals="0" statements="0" coveredstatements="0" elements="0" coveredelements="0"/>
      </file>
      <file name="/home/jz/projects/php/api-expectations/src/Quickmire/ApiTester/ResourceLoader.php">
        <class name="ResourceLoader" namespace="Quickmire\ApiTester">
          <metrics methods="5" coveredmethods="4" conditionals="0" coveredconditionals="0" statements="14" coveredstatements="13" elements="19" coveredelements="17"/>
        </class>
        <line num="20" type="method" name="__construct" crap="2" count="8"/>
        <line num="22" type="stmt" count="8"/>
        <line num="23" type="stmt" count="8"/>
        <line num="24" type="stmt" count="5"/>
        <line num="25" type="stmt" count="8"/>
        <line num="27" type="method" name="load" crap="1" count="8"/>
        <line num="29" type="stmt" count="8"/>
        <line num="30" type="stmt" count="8"/>
        <line num="33" type="method" name="getType" crap="1" count="8"/>
        <line num="35" type="stmt" count="8"/>
        <line num="38" type="method" name="fetch" crap="1" count="8"/>
        <line num="40" type="stmt" count="8"/>
        <line num="43" type="method" name="parse" crap="4.07" count="8"/>
        <line num="45" type="stmt" count="8"/>
        <line num="46" type="stmt" count="8"/>
        <line num="47" type="stmt" count="7"/>
        <line num="48" type="stmt" count="1"/>
        <line num="49" type="stmt" count="0"/>
        <line num="50" type="stmt" count="1"/>
        <metrics loc="52" ncloc="46" classes="1" methods="5" coveredmethods="4" conditionals="0" coveredconditionals="0" statements="14" coveredstatements="13" elements="19" coveredelements="17"/>
      </file>
    </package>
    <file name="/home/jz/projects/php/api-expectations/src/Quickmire/ApiTester/ExpectationInterface.php">
      <metrics loc="14" ncloc="8" classes="0" methods="0" coveredmethods="0" conditionals="0" coveredconditionals="0" statements="0" coveredstatements="0" elements="0" coveredelements="0"/>
    </file>
    <package name="Quickmire\ApiTester\Expectations">
      <file name="/home/jz/projects/php/api-expectations/src/Quickmire/ApiTester/Expectations/AbstractExpectation.php">
        <class name="AbstractExpectation" namespace="Quickmire\ApiTester\Expectations">
          <metrics methods="2" coveredmethods="2" conditionals="0" coveredconditionals="0" statements="4" coveredstatements="4" elements="6" coveredelements="6"/>
        </class>
        <line num="19" type="method" name="__construct" crap="1" count="28"/>
        <line num="21" type="stmt" count="28"/>
        <line num="22" type="stmt" count="28"/>
        <line num="23" type="stmt" count="28"/>
        <line num="25" type="method" name="getMessages" crap="1" count="4"/>
        <line num="27" type="stmt" count="4"/>
        <metrics loc="28" ncloc="22" classes="1" methods="2" coveredmethods="2" conditionals="0" coveredconditionals="0" statements="4" coveredstatements="4" elements="6" coveredelements="6"/>
      </file>
      <file name="/home/jz/projects/php/api-expectations/src/Quickmire/ApiTester/Expectations/ArrayExpectation.php">
        <class name="ArrayExpectation" namespace="Quickmire\ApiTester\Expectations">
          <metrics methods="2" coveredmethods="2" conditionals="0" coveredconditionals="0" statements="25" coveredstatements="25" elements="27" coveredelements="27"/>
        </class>
        <line num="35" type="method" name="assert" crap="3" count="2"/>
        <line num="37" type="stmt" count="2"/>
        <line num="38" type="stmt" count="2"/>
        <line num="39" type="stmt" count="2"/>
        <line num="40" type="stmt" count="2"/>
        <line num="41" type="stmt" count="2"/>
        <line num="42" type="stmt" count="1"/>
        <line num="43" type="stmt" count="1"/>
        <line num="44" type="stmt" count="2"/>
        <line num="45" type="stmt" count="2"/>
        <line num="46" type="stmt" count="2"/>
        <line num="49" type="method" name="assertQuantifier" crap="7" count="20"/>
        <line num="51" type="stmt" count="20"/>
        <line num="52" type="stmt" count="20"/>
        <line num="53" type="stmt" count="2"/>
        <line num="54" type="stmt" count="20"/>
        <line num="55" type="stmt" count="10"/>
        <line num="56" type="stmt" count="10"/>
        <line num="57" type="stmt" count="10"/>
        <line num="58" type="stmt" count="18"/>
        <line num="60" type="stmt" count="7"/>
        <line num="61" type="stmt" count="7"/>
        <line num="62" type="stmt" count="7"/>
        <line num="63" type="stmt" count="1"/>
        <line num="64" type="stmt" count="1"/>
        <line num="67" type="stmt" count="19"/>
        <line num="68" type="stmt" count="19"/>
        <metrics loc="69" ncloc="42" classes="1" methods="2" coveredmethods="2" conditionals="0" coveredconditionals="0" statements="25" coveredstatements="25" elements="27" coveredelements="27"/>
      </file>
      <file name="/home/jz/projects/php/api-expectations/src/Quickmire/ApiTester/Expectations/MapExpectation.php">
        <class name="MapExpectation" namespace="Quickmire\ApiTester\Expectations">
          <metrics methods="1" coveredmethods="1" conditionals="0" coveredconditionals="0" statements="12" coveredstatements="12" elements="13" coveredelements="13"/>
        </class>
        <line num="17" type="method" name="assert" crap="4" count="7"/>
        <line num="19" type="stmt" count="7"/>
        <line num="20" type="stmt" count="7"/>
        <line num="21" type="stmt" count="7"/>
        <line num="22" type="stmt" count="7"/>
        <line num="23" type="stmt" count="7"/>
        <line num="24" type="stmt" count="3"/>
        <line num="25" type="stmt" count="3"/>
        <line num="26" type="stmt" count="7"/>
        <line num="27" type="stmt" count="7"/>
        <line num="28" type="stmt" count="1"/>
        <line num="30" type="stmt" count="7"/>
        <line num="31" type="stmt" count="7"/>
        <metrics loc="32" ncloc="26" classes="1" methods="1" coveredmethods="1" conditionals="0" coveredconditionals="0" statements="12" coveredstatements="12" elements="13" coveredelements="13"/>
      </file>
      <file name="/home/jz/projects/php/api-expectations/src/Quickmire/ApiTester/Expectations/RegexExpectation.php">
        <class name="RegexExpectation" namespace="Quickmire\ApiTester\Expectations">
          <metrics methods="1" coveredmethods="1" conditionals="0" coveredconditionals="0" statements="5" coveredstatements="5" elements="6" coveredelements="6"/>
        </class>
        <line num="13" type="method" name="assert" crap="2" count="8"/>
        <line num="15" type="stmt" count="8"/>
        <line num="16" type="stmt" count="8"/>
        <line num="17" type="stmt" count="3"/>
        <line num="18" type="stmt" count="3"/>
        <line num="20" type="stmt" count="6"/>
        <metrics loc="21" ncloc="15" classes="1" methods="1" coveredmethods="1" conditionals="0" coveredconditionals="0" statements="5" coveredstatements="5" elements="6" coveredelements="6"/>
      </file>
      <file name="/home/jz/projects/php/api-expectations/src/Quickmire/ApiTester/Expectations/TypeExpectation.php">
        <class name="TypeExpectation" namespace="Quickmire\ApiTester\Expectations">
          <metrics methods="2" coveredmethods="2" conditionals="0" coveredconditionals="0" statements="9" coveredstatements="9" elements="11" coveredelements="11"/>
        </class>
        <line num="15" type="method" name="assert" crap="2" count="5"/>
        <line num="17" type="stmt" count="5"/>
        <line num="18" type="stmt" count="5"/>
        <line num="19" type="stmt" count="3"/>
        <line num="20" type="stmt" count="3"/>
        <line num="21" type="stmt" count="3"/>
        <line num="23" type="stmt" count="5"/>
        <line num="25" type="method" name="dataToString" crap="2" count="3"/>
        <line num="27" type="stmt" count="3"/>
        <line num="28" type="stmt" count="2"/>
        <line num="30" type="stmt" count="3"/>
        <metrics loc="31" ncloc="25" classes="1" methods="2" coveredmethods="2" conditionals="0" coveredconditionals="0" statements="9" coveredstatements="9" elements="11" coveredelements="11"/>
      </file>
    </package>
    <file name="/home/jz/projects/php/api-expectations/src/Quickmire/ApiTester/FetcherInterface.php">
      <metrics loc="17" ncloc="11" classes="0" methods="0" coveredmethods="0" conditionals="0" coveredconditionals="0" statements="0" coveredstatements="0" elements="0" coveredelements="0"/>
    </file>
    <file name="/home/jz/projects/php/api-expectations/src/Quickmire/ApiTester/FetcherResolverInterface.php">
      <metrics loc="18" ncloc="8" classes="0" methods="0" coveredmethods="0" conditionals="0" coveredconditionals="0" statements="0" coveredstatements="0" elements="0" coveredelements="0"/>
    </file>
    <package name="Quickmire\ApiTester\FetcherResolvers">
      <file name="/home/jz/projects/php/api-expectations/src/Quickmire/ApiTester/FetcherResolvers/AbstractResolver.php">
        <class name="AbstractResolver" namespace="Quickmire\ApiTester\FetcherResolvers">
          <metrics methods="1" coveredmethods="1" conditionals="0" coveredconditionals="0" statements="2" coveredstatements="2" elements="3" coveredelements="3"/>
        </class>
        <line num="17" type="method" name="guessScheme" crap="2" count="11"/>
        <line num="19" type="stmt" count="11"/>
        <line num="21" type="stmt" count="11"/>
        <metrics loc="22" ncloc="16" classes="1" methods="1" coveredmethods="1" conditionals="0" coveredconditionals="0" statements="2" coveredstatements="2" elements="3" coveredelements="3"/>
      </file>
      <file name="/home/jz/projects/php/api-expectations/src/Quickmire/ApiTester/FetcherResolvers/DirectoryResolver.php">
        <class name="DirectoryResolver" namespace="Quickmire\ApiTester\FetcherResolvers">
          <metrics methods="4" coveredmethods="2" conditionals="0" coveredconditionals="0" statements="31" coveredstatements="27" elements="35" coveredelements="29"/>
        </class>
        <line num="21" type="method" name="__construct" crap="2" count="7"/>
        <line num="23" type="stmt" count="7"/>
        <line num="24" type="stmt" count="7"/>
        <line num="25" type="stmt" count="7"/>
        <line num="26" type="stmt" count="7"/>
        <line num="27" type="stmt" count="7"/>
        <line num="29" type="method" name="resolve" crap="3.04" count="7"/>
        <line num="31" type="stmt" count="7"/>
        <line num="32" type="stmt" count="7"/>
        <line num="33" type="stmt" count="7"/>
        <line num="34" type="stmt" count="7"/>
        <line num="36" type="stmt" count="1"/>
        <line num="37" type="stmt" count="0"/>
        <line num="40" type="method" name="getFetchers" crap="6" count="7"/>
        <line num="42" type="stmt" count="7"/>
        <line num="43" type="stmt" count="7"/>
        <line num="44" type="stmt" count="7"/>
        <line num="45" type="stmt" count="7"/>
        <line num="46" type="stmt" count="7"/>
        <line num="47" type="stmt" count="7"/>
        <line num="48" type="stmt" count="7"/>
        <line num="49" type="stmt" count="7"/>
        <line num="50" type="stmt" count="7"/>
        <line num="51" type="stmt" count="7"/>
        <line num="52" type="stmt" count="7"/>
        <line num="53" type="stmt" count="7"/>
        <line num="54" type="stmt" count="7"/>
        <line num="55" type="stmt" count="7"/>
        <line num="56" type="stmt" count="7"/>
        <line num="57" type="stmt" count="7"/>
        <line num="58" type="stmt" count="7"/>
        <line num="61" type="method" name="getNamespace" crap="6" count="0"/>
        <line num="63" type="stmt" count="0"/>
        <line num="64" type="stmt" count="0"/>
        <line num="66" type="stmt" count="0"/>
        <metrics loc="67" ncloc="61" classes="1" methods="4" coveredmethods="2" conditionals="0" coveredconditionals="0" statements="31" coveredstatements="27" elements="35" coveredelements="29"/>
      </file>
      <file name="/home/jz/projects/php/api-expectations/src/Quickmire/ApiTester/FetcherResolvers/MapResolver.php">
        <class name="MapResolver" namespace="Quickmire\ApiTester\FetcherResolvers" fullPackage="Quickmire" package="Quickmire">
          <metrics methods="3" coveredmethods="3" conditionals="0" coveredconditionals="0" statements="11" coveredstatements="11" elements="14" coveredelements="14"/>
        </class>
        <line num="29" type="method" name="__construct" crap="1" count="7"/>
        <line num="31" type="stmt" count="7"/>
        <line num="32" type="stmt" count="7"/>
        <line num="34" type="method" name="resolve" crap="2" count="7"/>
        <line num="36" type="stmt" count="7"/>
        <line num="38" type="stmt" count="7"/>
        <line num="39" type="stmt" count="6"/>
        <line num="40" type="stmt" count="5"/>
        <line num="41" type="stmt" count="5"/>
        <line num="44" type="stmt" count="1"/>
        <line num="47" type="method" name="create" crap="4" count="6"/>
        <line num="49" type="stmt" count="6"/>
        <line num="51" type="stmt" count="5"/>
        <line num="53" type="stmt" count="1"/>
        <metrics loc="54" ncloc="40" classes="1" methods="3" coveredmethods="3" conditionals="0" coveredconditionals="0" statements="11" coveredstatements="11" elements="14" coveredelements="14"/>
      </file>
    </package>
    <package name="Quickmire\ApiTester\Fetchers">
      <file name="/home/jz/projects/php/api-expectations/src/Quickmire/ApiTester/Fetchers/FileFetcher.php">
        <class name="FileFetcher" namespace="Quickmire\ApiTester\Fetchers">
          <metrics methods="4" coveredmethods="4" conditionals="0" coveredconditionals="0" statements="7" coveredstatements="7" elements="11" coveredelements="11"/>
        </class>
        <line num="19" type="method" name="setResource" crap="1" count="11"/>
        <line num="21" type="stmt" count="11"/>
        <line num="22" type="stmt" count="11"/>
        <line num="25" type="method" name="getContents" crap="1" count="8"/>
        <line num="27" type="stmt" count="8"/>
        <line num="30" type="method" name="getContentType" crap="1" count="8"/>
        <line num="32" type="stmt" count="8"/>
        <line num="35" type="method" name="supports" crap="2" count="7"/>
        <line num="37" type="stmt" count="7"/>
        <line num="39" type="stmt" count="7"/>
        <line num="41" type="stmt" count="7"/>
        <metrics loc="42" ncloc="36" classes="1" methods="4" coveredmethods="4" conditionals="0" coveredconditionals="0" statements="7" coveredstatements="7" elements="11" coveredelements="11"/>
      </file>
      <file name="/home/jz/projects/php/api-expectations/src/Quickmire/ApiTester/Fetchers/HttpFetcher.php">
        <class name="HttpFetcher" namespace="Quickmire\ApiTester\Fetchers">
          <metrics methods="6" coveredmethods="5" conditionals="0" coveredconditionals="0" statements="31" coveredstatements="29" elements="37" coveredelements="34"/>
        </class>
        <line num="26" type="method" name="__construct" crap="2" count="9"/>
        <line num="28" type="stmt" count="9"/>
        <line num="29" type="stmt" count="9"/>
        <line num="30" type="stmt" count="7"/>
        <line num="31" type="stmt" count="9"/>
        <line num="33" type="method" name="setResource" crap="2" count="3"/>
        <line num="35" type="stmt" count="3"/>
        <line num="36" type="stmt" count="3"/>
        <line num="37" type="stmt" count="3"/>
        <line num="38" type="stmt" count="3"/>
        <line num="39" type="stmt" count="3"/>
        <line num="40" type="stmt" count="3"/>
        <line num="43" type="method" name="getContents" crap="2" count="2"/>
        <line num="45" type="stmt" count="2"/>
        <line num="46" type="stmt" count="2"/>
        <line num="47" type="stmt" count="2"/>
        <line num="48" type="stmt" count="2"/>
        <line num="51" type="method" name="getContentType" crap="2.50" count="2"/>
        <line num="53" type="stmt" count="2"/>
        <line num="54" type="stmt" count="0"/>
        <line num="55" type="stmt" count="0"/>
        <line num="56" type="stmt" count="2"/>
        <line num="59" type="method" name="supports" crap="3" count="1"/>
        <line num="61" type="stmt" count="1"/>
        <line num="63" type="stmt" count="1"/>
        <line num="66" type="method" name="doCall" crap="4" count="2"/>
        <line num="68" type="stmt" count="2"/>
        <line num="70" type="stmt" count="2"/>
        <line num="72" type="stmt" count="2"/>
        <line num="73" type="stmt" count="2"/>
        <line num="74" type="stmt" count="2"/>
        <line num="75" type="stmt" count="2"/>
        <line num="76" type="stmt" count="2"/>
        <line num="77" type="stmt" count="2"/>
        <line num="78" type="stmt" count="2"/>
        <line num="79" type="stmt" count="2"/>
        <line num="82" type="stmt" count="2"/>
        <metrics loc="82" ncloc="74" classes="1" methods="6" coveredmethods="5" conditionals="0" coveredconditionals="0" statements="31" coveredstatements="29" elements="37" coveredelements="34"/>
      </file>
    </package>
    <package name="GuzzleHttp">
      <file name="/home/jz/projects/php/api-expectations/vendor/guzzlehttp/guzzle/src/Client.php">
        <class name="Client" namespace="GuzzleHttp">
          <metrics methods="13" coveredmethods="1" conditionals="0" coveredconditionals="0" statements="180" coveredstatements="77" elements="193" coveredelements="78"/>
        </class>
        <line num="63" type="method" name="__construct" crap="3.14" count="9"/>
        <line num="65" type="stmt" count="9"/>
        <line num="66" type="stmt" count="7"/>
        <line num="67" type="stmt" count="7"/>
        <line num="70" type="stmt" count="9"/>
        <line num="71" type="stmt" count="0"/>
        <line num="72" type="stmt" count="0"/>
        <line num="74" type="stmt" count="9"/>
        <line num="75" type="stmt" count="9"/>
        <line num="77" type="method" name="__call" crap="4.05" count="2"/>
        <line num="79" type="stmt" count="2"/>
        <line num="80" type="stmt" count="0"/>
        <line num="83" type="stmt" count="2"/>
        <line num="84" type="stmt" count="2"/>
        <line num="86" type="stmt" count="2"/>
        <line num="87" type="stmt" count="2"/>
        <line num="88" type="stmt" count="2"/>
        <line num="91" type="method" name="sendAsync" crap="2" count="0"/>
        <line num="94" type="stmt" count="0"/>
        <line num="96" type="stmt" count="0"/>
        <line num="97" type="stmt" count="0"/>
        <line num="99" type="stmt" count="0"/>
        <line num="102" type="method" name="send" crap="2" count="0"/>
        <line num="104" type="stmt" count="0"/>
        <line num="105" type="stmt" count="0"/>
        <line num="108" type="method" name="requestAsync" crap="5.15" count="2"/>
        <line num="110" type="stmt" count="2"/>
        <line num="112" type="stmt" count="2"/>
        <line num="113" type="stmt" count="2"/>
        <line num="114" type="stmt" count="2"/>
        <line num="116" type="stmt" count="2"/>
        <line num="117" type="stmt" count="2"/>
        <line num="118" type="stmt" count="0"/>
        <line num="119" type="stmt" count="0"/>
        <line num="120" type="stmt" count="2"/>
        <line num="122" type="stmt" count="2"/>
        <line num="124" type="stmt" count="2"/>
        <line num="127" type="method" name="request" crap="1" count="2"/>
        <line num="129" type="stmt" count="2"/>
        <line num="130" type="stmt" count="2"/>
        <line num="133" type="method" name="getConfig" crap="12" count="0"/>
        <line num="136" type="stmt" count="0"/>
        <line num="137" type="stmt" count="0"/>
        <line num="140" type="method" name="buildUri" crap="3.33" count="2"/>
        <line num="142" type="stmt" count="2"/>
        <line num="143" type="stmt" count="2"/>
        <line num="146" type="stmt" count="0"/>
        <line num="156" type="method" name="configureDefaults" crap="14.16" count="9"/>
        <line num="159" type="stmt" count="9"/>
        <line num="160" type="stmt" count="9"/>
        <line num="161" type="stmt" count="9"/>
        <line num="162" type="stmt" count="9"/>
        <line num="164" type="stmt" count="9"/>
        <line num="167" type="stmt" count="9"/>
        <line num="168" type="stmt" count="0"/>
        <line num="169" type="stmt" count="0"/>
        <line num="171" type="stmt" count="9"/>
        <line num="172" type="stmt" count="0"/>
        <line num="173" type="stmt" count="0"/>
        <line num="175" type="stmt" count="9"/>
        <line num="177" type="stmt" count="9"/>
        <line num="178" type="stmt" count="0"/>
        <line num="179" type="stmt" count="0"/>
        <line num="182" type="stmt" count="9"/>
        <line num="183" type="stmt" count="9"/>
        <line num="184" type="stmt" count="9"/>
        <line num="186" type="stmt" count="0"/>
        <line num="187" type="stmt" count="0"/>
        <line num="188" type="stmt" count="0"/>
        <line num="190" type="stmt" count="0"/>
        <line num="191" type="stmt" count="0"/>
        <line num="193" type="stmt" count="9"/>
        <line num="202" type="method" name="prepareDefaults" crap="10.66" count="2"/>
        <line num="204" type="stmt" count="2"/>
        <line num="206" type="stmt" count="2"/>
        <line num="208" type="stmt" count="2"/>
        <line num="209" type="stmt" count="2"/>
        <line num="210" type="stmt" count="2"/>
        <line num="214" type="stmt" count="2"/>
        <line num="216" type="stmt" count="0"/>
        <line num="217" type="stmt" count="0"/>
        <line num="218" type="stmt" count="0"/>
        <line num="219" type="stmt" count="0"/>
        <line num="220" type="stmt" count="0"/>
        <line num="222" type="stmt" count="0"/>
        <line num="225" type="stmt" count="2"/>
        <line num="228" type="stmt" count="2"/>
        <line num="229" type="stmt" count="2"/>
        <line num="230" type="stmt" count="0"/>
        <line num="231" type="stmt" count="0"/>
        <line num="232" type="stmt" count="2"/>
        <line num="234" type="stmt" count="2"/>
        <line num="248" type="method" name="transfer" crap="7.73" count="2"/>
        <line num="251" type="stmt" count="2"/>
        <line num="252" type="stmt" count="0"/>
        <line num="253" type="stmt" count="0"/>
        <line num="254" type="stmt" count="0"/>
        <line num="257" type="stmt" count="2"/>
        <line num="258" type="stmt" count="0"/>
        <line num="259" type="stmt" count="0"/>
        <line num="260" type="stmt" count="0"/>
        <line num="262" type="stmt" count="2"/>
        <line num="263" type="stmt" count="2"/>
        <line num="266" type="stmt" count="2"/>
        <line num="267" type="stmt" count="0"/>
        <line num="268" type="stmt" count="0"/>
        <line num="280" type="method" name="applyOptions" crap="199.69" count="2"/>
        <line num="282" type="stmt" count="2"/>
        <line num="284" type="stmt" count="2"/>
        <line num="285" type="stmt" count="0"/>
        <line num="286" type="stmt" count="0"/>
        <line num="288" type="stmt" count="0"/>
        <line num="289" type="stmt" count="0"/>
        <line num="290" type="stmt" count="0"/>
        <line num="292" type="stmt" count="0"/>
        <line num="293" type="stmt" count="0"/>
        <line num="294" type="stmt" count="0"/>
        <line num="295" type="stmt" count="0"/>
        <line num="297" type="stmt" count="2"/>
        <line num="298" type="stmt" count="0"/>
        <line num="299" type="stmt" count="0"/>
        <line num="300" type="stmt" count="0"/>
        <line num="302" type="stmt" count="0"/>
        <line num="303" type="stmt" count="0"/>
        <line num="304" type="stmt" count="0"/>
        <line num="306" type="stmt" count="2"/>
        <line num="307" type="stmt" count="2"/>
        <line num="308" type="stmt" count="2"/>
        <line num="309" type="stmt" count="0"/>
        <line num="310" type="stmt" count="0"/>
        <line num="312" type="stmt" count="2"/>
        <line num="313" type="stmt" count="0"/>
        <line num="314" type="stmt" count="0"/>
        <line num="315" type="stmt" count="0"/>
        <line num="316" type="stmt" count="0"/>
        <line num="318" type="stmt" count="0"/>
        <line num="319" type="stmt" count="0"/>
        <line num="321" type="stmt" count="2"/>
        <line num="322" type="stmt" count="0"/>
        <line num="323" type="stmt" count="0"/>
        <line num="324" type="stmt" count="0"/>
        <line num="325" type="stmt" count="0"/>
        <line num="326" type="stmt" count="0"/>
        <line num="327" type="stmt" count="0"/>
        <line num="329" type="stmt" count="2"/>
        <line num="330" type="stmt" count="0"/>
        <line num="331" type="stmt" count="0"/>
        <line num="332" type="stmt" count="0"/>
        <line num="333" type="stmt" count="0"/>
        <line num="334" type="stmt" count="0"/>
        <line num="335" type="stmt" count="0"/>
        <line num="336" type="stmt" count="0"/>
        <line num="337" type="stmt" count="0"/>
        <line num="338" type="stmt" count="0"/>
        <line num="339" type="stmt" count="0"/>
        <line num="340" type="stmt" count="0"/>
        <line num="342" type="stmt" count="0"/>
        <line num="343" type="stmt" count="0"/>
        <line num="344" type="stmt" count="0"/>
        <line num="345" type="stmt" count="0"/>
        <line num="346" type="stmt" count="0"/>
        <line num="348" type="stmt" count="2"/>
        <line num="349" type="stmt" count="0"/>
        <line num="350" type="stmt" count="0"/>
        <line num="351" type="stmt" count="0"/>
        <line num="352" type="stmt" count="0"/>
        <line num="353" type="stmt" count="0"/>
        <line num="354" type="stmt" count="0"/>
        <line num="356" type="stmt" count="0"/>
        <line num="357" type="stmt" count="0"/>
        <line num="358" type="stmt" count="0"/>
        <line num="360" type="stmt" count="2"/>
        <line num="361" type="stmt" count="0"/>
        <line num="362" type="stmt" count="0"/>
        <line num="363" type="stmt" count="0"/>
        <line num="364" type="stmt" count="0"/>
        <line num="366" type="stmt" count="2"/>
        <line num="369" type="stmt" count="2"/>
        <line num="371" type="stmt" count="2"/>
        <line num="372" type="stmt" count="2"/>
        <line num="373" type="stmt" count="2"/>
        <line num="374" type="stmt" count="2"/>
        <line num="375" type="stmt" count="2"/>
        <line num="376" type="stmt" count="2"/>
        <line num="377" type="stmt" count="2"/>
        <line num="379" type="stmt" count="2"/>
        <line num="380" type="stmt" count="2"/>
        <line num="382" type="stmt" count="2"/>
        <line num="385" type="method" name="invalidBody" crap="2" count="0"/>
        <line num="387" type="stmt" count="0"/>
        <line num="389" type="stmt" count="0"/>
        <line num="390" type="stmt" count="0"/>
        <line num="391" type="stmt" count="0"/>
        <metrics loc="393" ncloc="271" classes="1" methods="13" coveredmethods="1" conditionals="0" coveredconditionals="0" statements="180" coveredstatements="77" elements="193" coveredelements="78"/>
      </file>
      <file name="/home/jz/projects/php/api-expectations/vendor/guzzlehttp/guzzle/src/HandlerStack.php">
        <class name="HandlerStack" namespace="GuzzleHttp">
          <metrics methods="16" coveredmethods="4" conditionals="0" coveredconditionals="0" statements="83" coveredstatements="22" elements="99" coveredelements="26"/>
        </class>
        <line num="38" type="method" name="create" crap="2" count="9"/>
        <line num="40" type="stmt" count="9"/>
        <line num="41" type="stmt" count="9"/>
        <line num="42" type="stmt" count="9"/>
        <line num="43" type="stmt" count="9"/>
        <line num="44" type="stmt" count="9"/>
        <line num="46" type="stmt" count="9"/>
        <line num="52" type="method" name="__construct" crap="1" count="9"/>
        <line num="54" type="stmt" count="9"/>
        <line num="55" type="stmt" count="9"/>
        <line num="63" type="method" name="__invoke" crap="2" count="2"/>
        <line num="65" type="stmt" count="2"/>
        <line num="66" type="stmt" count="2"/>
        <line num="67" type="stmt" count="2"/>
        <line num="69" type="stmt" count="2"/>
        <line num="70" type="stmt" count="2"/>
        <line num="78" type="method" name="__toString" crap="20" count="0"/>
        <line num="80" type="stmt" count="0"/>
        <line num="81" type="stmt" count="0"/>
        <line num="82" type="stmt" count="0"/>
        <line num="83" type="stmt" count="0"/>
        <line num="84" type="stmt" count="0"/>
        <line num="86" type="stmt" count="0"/>
        <line num="87" type="stmt" count="0"/>
        <line num="88" type="stmt" count="0"/>
        <line num="89" type="stmt" count="0"/>
        <line num="90" type="stmt" count="0"/>
        <line num="91" type="stmt" count="0"/>
        <line num="92" type="stmt" count="0"/>
        <line num="93" type="stmt" count="0"/>
        <line num="95" type="stmt" count="0"/>
        <line num="96" type="stmt" count="0"/>
        <line num="97" type="stmt" count="0"/>
        <line num="99" type="stmt" count="0"/>
        <line num="108" type="method" name="setHandler" crap="2" count="0"/>
        <line num="110" type="stmt" count="0"/>
        <line num="111" type="stmt" count="0"/>
        <line num="112" type="stmt" count="0"/>
        <line num="119" type="method" name="hasHandler" crap="2" count="0"/>
        <line num="121" type="stmt" count="0"/>
        <line num="130" type="method" name="unshift" crap="2" count="0"/>
        <line num="132" type="stmt" count="0"/>
        <line num="133" type="stmt" count="0"/>
        <line num="134" type="stmt" count="0"/>
        <line num="142" type="method" name="push" crap="1" count="9"/>
        <line num="144" type="stmt" count="9"/>
        <line num="145" type="stmt" count="9"/>
        <line num="146" type="stmt" count="9"/>
        <line num="155" type="method" name="before" crap="2" count="0"/>
        <line num="157" type="stmt" count="0"/>
        <line num="158" type="stmt" count="0"/>
        <line num="167" type="method" name="after" crap="2" count="0"/>
        <line num="169" type="stmt" count="0"/>
        <line num="170" type="stmt" count="0"/>
        <line num="177" type="method" name="remove" crap="6" count="0"/>
        <line num="179" type="stmt" count="0"/>
        <line num="180" type="stmt" count="0"/>
        <line num="181" type="stmt" count="0"/>
        <line num="182" type="stmt" count="0"/>
        <line num="183" type="method" name="anonymous function" crap="2" count="0"/>
        <line num="184" type="stmt" count="0"/>
        <line num="186" type="stmt" count="0"/>
        <line num="187" type="stmt" count="0"/>
        <line num="194" type="method" name="resolve" crap="3.04" count="2"/>
        <line num="196" type="stmt" count="2"/>
        <line num="197" type="stmt" count="0"/>
        <line num="200" type="stmt" count="2"/>
        <line num="201" type="stmt" count="2"/>
        <line num="202" type="stmt" count="2"/>
        <line num="204" type="stmt" count="2"/>
        <line num="211" type="method" name="findByName" crap="8.21" count="1"/>
        <line num="213" type="stmt" count="0"/>
        <line num="214" type="stmt" count="0"/>
        <line num="215" type="stmt" count="0"/>
        <line num="216" type="stmt" count="1"/>
        <line num="217" type="stmt" count="0"/>
        <line num="219" type="stmt" count="0"/>
        <line num="230" type="method" name="splice" crap="20" count="0"/>
        <line num="232" type="stmt" count="0"/>
        <line num="233" type="stmt" count="0"/>
        <line num="234" type="stmt" count="0"/>
        <line num="236" type="stmt" count="0"/>
        <line num="237" type="stmt" count="0"/>
        <line num="238" type="stmt" count="0"/>
        <line num="239" type="stmt" count="0"/>
        <line num="240" type="stmt" count="0"/>
        <line num="241" type="stmt" count="0"/>
        <line num="243" type="stmt" count="0"/>
        <line num="244" type="stmt" count="0"/>
        <line num="245" type="stmt" count="0"/>
        <line num="246" type="stmt" count="0"/>
        <line num="247" type="stmt" count="0"/>
        <line num="249" type="stmt" count="0"/>
        <line num="258" type="method" name="debugCallable" crap="20" count="0"/>
        <line num="260" type="stmt" count="0"/>
        <line num="261" type="stmt" count="0"/>
        <line num="264" type="stmt" count="0"/>
        <line num="265" type="stmt" count="0"/>
        <line num="266" type="stmt" count="0"/>
        <line num="267" type="stmt" count="0"/>
        <line num="270" type="stmt" count="0"/>
        <metrics loc="272" ncloc="168" classes="1" methods="16" coveredmethods="4" conditionals="0" coveredconditionals="0" statements="85" coveredstatements="22" elements="101" coveredelements="26"/>
      </file>
      <file name="/home/jz/projects/php/api-expectations/vendor/guzzlehttp/guzzle/src/Middleware.php">
        <class name="Middleware" namespace="GuzzleHttp">
          <metrics methods="10" coveredmethods="2" conditionals="0" coveredconditionals="0" statements="74" coveredstatements="16" elements="84" coveredelements="18"/>
        </class>
        <line num="27" type="method" name="cookies" crap="5.67" count="9"/>
        <line num="31" type="stmt" count="2"/>
        <line num="32" type="stmt" count="2"/>
        <line num="33" type="stmt" count="0"/>
        <line num="34" type="stmt" count="0"/>
        <line num="36" type="stmt" count="0"/>
        <line num="37" type="stmt" count="0"/>
        <line num="38" type="stmt" count="0"/>
        <line num="40" type="stmt" count="0"/>
        <line num="41" type="stmt" count="0"/>
        <line num="43" type="stmt" count="0"/>
        <line num="44" type="stmt" count="2"/>
        <line num="45" type="stmt" count="9"/>
        <line num="54" type="method" name="httpErrors" crap="4.32" count="9"/>
        <line num="58" type="stmt" count="2"/>
        <line num="59" type="stmt" count="0"/>
        <line num="61" type="stmt" count="2"/>
        <line num="63" type="stmt" count="2"/>
        <line num="64" type="stmt" count="2"/>
        <line num="65" type="stmt" count="2"/>
        <line num="68" type="stmt" count="0"/>
        <line num="69" type="stmt" count="0"/>
        <line num="71" type="stmt" count="2"/>
        <line num="72" type="stmt" count="2"/>
        <line num="73" type="stmt" count="9"/>
        <line num="83" type="method" name="history" crap="2" count="0"/>
        <line num="87" type="stmt" count="0"/>
        <line num="89" type="stmt" count="0"/>
        <line num="90" type="stmt" count="0"/>
        <line num="91" type="stmt" count="0"/>
        <line num="92" type="stmt" count="0"/>
        <line num="94" type="stmt" count="0"/>
        <line num="95" type="stmt" count="0"/>
        <line num="96" type="stmt" count="0"/>
        <line num="98" type="stmt" count="0"/>
        <line num="99" type="stmt" count="0"/>
        <line num="100" type="stmt" count="0"/>
        <line num="101" type="stmt" count="0"/>
        <line num="103" type="stmt" count="0"/>
        <line num="104" type="stmt" count="0"/>
        <line num="106" type="stmt" count="0"/>
        <line num="107" type="stmt" count="0"/>
        <line num="108" type="stmt" count="0"/>
        <line num="124" type="method" name="tap" crap="12" count="0"/>
        <line num="128" type="stmt" count="0"/>
        <line num="129" type="stmt" count="0"/>
        <line num="130" type="stmt" count="0"/>
        <line num="131" type="stmt" count="0"/>
        <line num="132" type="stmt" count="0"/>
        <line num="133" type="stmt" count="0"/>
        <line num="134" type="stmt" count="0"/>
        <line num="135" type="stmt" count="0"/>
        <line num="136" type="stmt" count="0"/>
        <line num="137" type="stmt" count="0"/>
        <line num="145" type="method" name="redirect" crap="1" count="9"/>
        <line num="148" type="stmt" count="2"/>
        <line num="149" type="stmt" count="9"/>
        <line num="167" type="method" name="retry" crap="2" count="0"/>
        <line num="170" type="stmt" count="0"/>
        <line num="171" type="stmt" count="0"/>
        <line num="184" type="method" name="log" crap="6" count="0"/>
        <line num="188" type="stmt" count="0"/>
        <line num="190" type="stmt" count="0"/>
        <line num="191" type="stmt" count="0"/>
        <line num="192" type="stmt" count="0"/>
        <line num="193" type="stmt" count="0"/>
        <line num="196" type="stmt" count="0"/>
        <line num="197" type="stmt" count="0"/>
        <line num="198" type="stmt" count="0"/>
        <line num="199" type="stmt" count="0"/>
        <line num="200" type="stmt" count="0"/>
        <line num="202" type="stmt" count="0"/>
        <line num="203" type="stmt" count="0"/>
        <line num="204" type="stmt" count="0"/>
        <line num="213" type="method" name="prepareBody" crap="1" count="9"/>
        <line num="216" type="stmt" count="2"/>
        <line num="217" type="stmt" count="9"/>
        <line num="228" type="method" name="mapRequest" crap="2" count="0"/>
        <line num="232" type="stmt" count="0"/>
        <line num="233" type="stmt" count="0"/>
        <line num="234" type="stmt" count="0"/>
        <line num="248" type="method" name="anonymous function" crap="2" count="0"/>
        <line num="249" type="stmt" count="0"/>
        <line num="250" type="stmt" count="0"/>
        <line num="251" type="stmt" count="0"/>
        <metrics loc="253" ncloc="164" classes="1" methods="10" coveredmethods="2" conditionals="0" coveredconditionals="0" statements="75" coveredstatements="16" elements="85" coveredelements="18"/>
      </file>
      <file name="/home/jz/projects/php/api-expectations/vendor/guzzlehttp/guzzle/src/PrepareBodyMiddleware.php">
        <class name="PrepareBodyMiddleware" namespace="GuzzleHttp">
          <metrics methods="3" coveredmethods="1" conditionals="0" coveredconditionals="0" statements="44" coveredstatements="6" elements="47" coveredelements="7"/>
        </class>
        <line num="23" type="method" name="__construct" crap="1" count="2"/>
        <line num="25" type="stmt" count="2"/>
        <line num="26" type="stmt" count="2"/>
        <line num="34" type="method" name="__invoke" crap="69.27" count="2"/>
        <line num="36" type="stmt" count="2"/>
        <line num="39" type="stmt" count="2"/>
        <line num="40" type="stmt" count="0"/>
        <line num="41" type="stmt" count="2"/>
        <line num="42" type="stmt" count="2"/>
        <line num="45" type="stmt" count="0"/>
        <line num="48" type="stmt" count="0"/>
        <line num="49" type="stmt" count="0"/>
        <line num="50" type="stmt" count="0"/>
        <line num="51" type="stmt" count="0"/>
        <line num="52" type="stmt" count="0"/>
        <line num="53" type="stmt" count="0"/>
        <line num="54" type="stmt" count="0"/>
        <line num="57" type="stmt" count="0"/>
        <line num="58" type="stmt" count="0"/>
        <line num="59" type="stmt" count="0"/>
        <line num="60" type="stmt" count="0"/>
        <line num="61" type="stmt" count="0"/>
        <line num="62" type="stmt" count="0"/>
        <line num="63" type="stmt" count="0"/>
        <line num="64" type="stmt" count="0"/>
        <line num="65" type="stmt" count="0"/>
        <line num="67" type="stmt" count="0"/>
        <line num="70" type="stmt" count="0"/>
        <line num="72" type="stmt" count="0"/>
        <line num="75" type="method" name="addExpectHeader" crap="110" count="0"/>
        <line num="81" type="stmt" count="0"/>
        <line num="82" type="stmt" count="0"/>
        <line num="85" type="stmt" count="0"/>
        <line num="88" type="stmt" count="0"/>
        <line num="89" type="stmt" count="0"/>
        <line num="93" type="stmt" count="0"/>
        <line num="94" type="stmt" count="0"/>
        <line num="95" type="stmt" count="0"/>
        <line num="99" type="stmt" count="0"/>
        <line num="100" type="stmt" count="0"/>
        <line num="101" type="stmt" count="0"/>
        <line num="105" type="stmt" count="0"/>
        <line num="106" type="stmt" count="0"/>
        <line num="108" type="stmt" count="0"/>
        <line num="109" type="stmt" count="0"/>
        <line num="110" type="stmt" count="0"/>
        <line num="111" type="stmt" count="0"/>
        <metrics loc="112" ncloc="77" classes="1" methods="3" coveredmethods="1" conditionals="0" coveredconditionals="0" statements="44" coveredstatements="6" elements="47" coveredelements="7"/>
      </file>
      <file name="/home/jz/projects/php/api-expectations/vendor/guzzlehttp/guzzle/src/RedirectMiddleware.php">
        <class name="RedirectMiddleware" namespace="GuzzleHttp">
          <metrics methods="7" coveredmethods="2" conditionals="0" coveredconditionals="0" statements="66" coveredstatements="16" elements="73" coveredelements="18"/>
        </class>
        <line num="33" type="method" name="__construct" crap="1" count="2"/>
        <line num="34" type="stmt" count="1"/>
        <line num="35" type="stmt" count="2"/>
        <line num="36" type="stmt" count="2"/>
        <line num="44" type="method" name="__invoke" crap="6.20" count="2"/>
        <line num="46" type="stmt" count="2"/>
        <line num="48" type="stmt" count="2"/>
        <line num="49" type="stmt" count="0"/>
        <line num="52" type="stmt" count="2"/>
        <line num="53" type="stmt" count="0"/>
        <line num="54" type="stmt" count="2"/>
        <line num="55" type="stmt" count="0"/>
        <line num="58" type="stmt" count="2"/>
        <line num="61" type="stmt" count="2"/>
        <line num="62" type="stmt" count="0"/>
        <line num="65" type="stmt" count="2"/>
        <line num="66" type="method" name="anonymous function" crap="1" count="2"/>
        <line num="67" type="stmt" count="2"/>
        <line num="68" type="stmt" count="2"/>
        <line num="78" type="method" name="checkRedirect" crap="3.71" count="2"/>
        <line num="83" type="stmt" count="2"/>
        <line num="84" type="stmt" count="2"/>
        <line num="85" type="stmt" count="2"/>
        <line num="86" type="stmt" count="2"/>
        <line num="89" type="stmt" count="0"/>
        <line num="90" type="stmt" count="0"/>
        <line num="92" type="stmt" count="0"/>
        <line num="95" type="method" name="guardMax" crap="12" count="0"/>
        <line num="97" type="stmt" count="0"/>
        <line num="98" type="stmt" count="0"/>
        <line num="99" type="stmt" count="0"/>
        <line num="100" type="stmt" count="0"/>
        <line num="101" type="stmt" count="0"/>
        <line num="103" type="stmt" count="0"/>
        <line num="104" type="stmt" count="0"/>
        <line num="105" type="stmt" count="0"/>
        <line num="107" type="stmt" count="0"/>
        <line num="109" type="stmt" count="0"/>
        <line num="118" type="method" name="modifyRequest" crap="56" count="0"/>
        <line num="124" type="stmt" count="0"/>
        <line num="125" type="stmt" count="0"/>
        <line num="130" type="stmt" count="0"/>
        <line num="131" type="stmt" count="0"/>
        <line num="132" type="stmt" count="0"/>
        <line num="133" type="stmt" count="0"/>
        <line num="134" type="stmt" count="0"/>
        <line num="135" type="stmt" count="0"/>
        <line num="136" type="stmt" count="0"/>
        <line num="138" type="stmt" count="0"/>
        <line num="139" type="stmt" count="0"/>
        <line num="143" type="stmt" count="0"/>
        <line num="144" type="stmt" count="0"/>
        <line num="145" type="stmt" count="0"/>
        <line num="146" type="stmt" count="0"/>
        <line num="147" type="stmt" count="0"/>
        <line num="148" type="stmt" count="0"/>
        <line num="149" type="stmt" count="0"/>
        <line num="152" type="stmt" count="0"/>
        <line num="164" type="method" name="redirectUri" crap="6" count="0"/>
        <line num="169" type="stmt" count="0"/>
        <line num="170" type="stmt" count="0"/>
        <line num="171" type="stmt" count="0"/>
        <line num="172" type="stmt" count="0"/>
        <line num="175" type="stmt" count="0"/>
        <line num="176" type="stmt" count="0"/>
        <line num="177" type="stmt" count="0"/>
        <line num="178" type="stmt" count="0"/>
        <line num="179" type="stmt" count="0"/>
        <line num="180" type="stmt" count="0"/>
        <line num="181" type="stmt" count="0"/>
        <line num="182" type="stmt" count="0"/>
        <line num="184" type="stmt" count="0"/>
        <line num="187" type="stmt" count="0"/>
        <metrics loc="189" ncloc="134" classes="1" methods="7" coveredmethods="2" conditionals="0" coveredconditionals="0" statements="66" coveredstatements="16" elements="73" coveredelements="18"/>
      </file>
      <file name="/home/jz/projects/php/api-expectations/vendor/guzzlehttp/guzzle/src/RequestOptions.php">
        <class name="RequestOptions" namespace="GuzzleHttp">
          <metrics methods="0" coveredmethods="0" conditionals="0" coveredconditionals="0" statements="0" coveredstatements="0" elements="0" coveredelements="0"/>
        </class>
        <metrics loc="211" ncloc="55" classes="1" methods="0" coveredmethods="0" conditionals="0" coveredconditionals="0" statements="0" coveredstatements="0" elements="0" coveredelements="0"/>
      </file>
    </package>
    <file name="/home/jz/projects/php/api-expectations/vendor/guzzlehttp/guzzle/src/ClientInterface.php">
      <metrics loc="84" ncloc="23" classes="0" methods="0" coveredmethods="0" conditionals="0" coveredconditionals="0" statements="0" coveredstatements="0" elements="0" coveredelements="0"/>
    </file>
    <package name="GuzzleHttp\Handler">
      <file name="/home/jz/projects/php/api-expectations/vendor/guzzlehttp/guzzle/src/Handler/CurlFactory.php">
        <class name="CurlFactory" namespace="GuzzleHttp\Handler">
          <metrics methods="15" coveredmethods="1" conditionals="0" coveredconditionals="0" statements="288" coveredstatements="2" elements="303" coveredelements="3"/>
        </class>
        <line num="26" type="method" name="__construct" crap="1" count="7"/>
        <line num="28" type="stmt" count="7"/>
        <line num="29" type="stmt" count="7"/>
        <line num="31" type="method" name="create" crap="20" count="0"/>
        <line num="33" type="stmt" count="0"/>
        <line num="34" type="stmt" count="0"/>
        <line num="35" type="stmt" count="0"/>
        <line num="36" type="stmt" count="0"/>
        <line num="37" type="stmt" count="0"/>
        <line num="38" type="stmt" count="0"/>
        <line num="39" type="stmt" count="0"/>
        <line num="40" type="stmt" count="0"/>
        <line num="42" type="stmt" count="0"/>
        <line num="43" type="stmt" count="0"/>
        <line num="44" type="stmt" count="0"/>
        <line num="45" type="stmt" count="0"/>
        <line num="48" type="stmt" count="0"/>
        <line num="49" type="stmt" count="0"/>
        <line num="50" type="stmt" count="0"/>
        <line num="52" type="stmt" count="0"/>
        <line num="53" type="stmt" count="0"/>
        <line num="54" type="stmt" count="0"/>
        <line num="55" type="stmt" count="0"/>
        <line num="56" type="stmt" count="0"/>
        <line num="58" type="stmt" count="0"/>
        <line num="61" type="method" name="release" crap="6" count="0"/>
        <line num="63" type="stmt" count="0"/>
        <line num="64" type="stmt" count="0"/>
        <line num="66" type="stmt" count="0"/>
        <line num="67" type="stmt" count="0"/>
        <line num="68" type="stmt" count="0"/>
        <line num="73" type="stmt" count="0"/>
        <line num="74" type="stmt" count="0"/>
        <line num="75" type="stmt" count="0"/>
        <line num="76" type="stmt" count="0"/>
        <line num="77" type="stmt" count="0"/>
        <line num="78" type="stmt" count="0"/>
        <line num="80" type="stmt" count="0"/>
        <line num="92" type="method" name="finish" crap="20" count="0"/>
        <line num="97" type="stmt" count="0"/>
        <line num="98" type="stmt" count="0"/>
        <line num="102" type="stmt" count="0"/>
        <line num="105" type="stmt" count="0"/>
        <line num="106" type="stmt" count="0"/>
        <line num="107" type="stmt" count="0"/>
        <line num="108" type="stmt" count="0"/>
        <line num="110" type="stmt" count="0"/>
        <line num="113" type="method" name="finishError" crap="20" count="0"/>
        <line num="120" type="stmt" count="0"/>
        <line num="121" type="stmt" count="0"/>
        <line num="122" type="stmt" count="0"/>
        <line num="123" type="stmt" count="0"/>
        <line num="126" type="stmt" count="0"/>
        <line num="127" type="stmt" count="0"/>
        <line num="128" type="stmt" count="0"/>
        <line num="129" type="stmt" count="0"/>
        <line num="132" type="stmt" count="0"/>
        <line num="135" type="method" name="createRejection" crap="12" count="0"/>
        <line num="143" type="stmt" count="0"/>
        <line num="147" type="stmt" count="0"/>
        <line num="148" type="stmt" count="0"/>
        <line num="149" type="stmt" count="0"/>
        <line num="150" type="stmt" count="0"/>
        <line num="151" type="stmt" count="0"/>
        <line num="152" type="stmt" count="0"/>
        <line num="153" type="stmt" count="0"/>
        <line num="155" type="stmt" count="0"/>
        <line num="156" type="stmt" count="0"/>
        <line num="159" type="stmt" count="0"/>
        <line num="160" type="stmt" count="0"/>
        <line num="161" type="stmt" count="0"/>
        <line num="162" type="stmt" count="0"/>
        <line num="164" type="stmt" count="0"/>
        <line num="167" type="stmt" count="0"/>
        <line num="168" type="stmt" count="0"/>
        <line num="169" type="stmt" count="0"/>
        <line num="171" type="stmt" count="0"/>
        <line num="174" type="method" name="getDefaultConf" crap="20" count="0"/>
        <line num="177" type="stmt" count="0"/>
        <line num="178" type="stmt" count="0"/>
        <line num="179" type="stmt" count="0"/>
        <line num="180" type="stmt" count="0"/>
        <line num="181" type="stmt" count="0"/>
        <line num="182" type="stmt" count="0"/>
        <line num="183" type="stmt" count="0"/>
        <line num="185" type="stmt" count="0"/>
        <line num="186" type="stmt" count="0"/>
        <line num="187" type="stmt" count="0"/>
        <line num="189" type="stmt" count="0"/>
        <line num="190" type="stmt" count="0"/>
        <line num="191" type="stmt" count="0"/>
        <line num="192" type="stmt" count="0"/>
        <line num="193" type="stmt" count="0"/>
        <line num="194" type="stmt" count="0"/>
        <line num="195" type="stmt" count="0"/>
        <line num="198" type="stmt" count="0"/>
        <line num="201" type="method" name="applyMethod" crap="56" count="0"/>
        <line num="203" type="stmt" count="0"/>
        <line num="204" type="stmt" count="0"/>
        <line num="206" type="stmt" count="0"/>
        <line num="207" type="stmt" count="0"/>
        <line num="208" type="stmt" count="0"/>
        <line num="211" type="stmt" count="0"/>
        <line num="212" type="stmt" count="0"/>
        <line num="214" type="stmt" count="0"/>
        <line num="215" type="stmt" count="0"/>
        <line num="216" type="stmt" count="0"/>
        <line num="217" type="stmt" count="0"/>
        <line num="218" type="stmt" count="0"/>
        <line num="220" type="stmt" count="0"/>
        <line num="221" type="stmt" count="0"/>
        <line num="222" type="stmt" count="0"/>
        <line num="223" type="stmt" count="0"/>
        <line num="225" type="stmt" count="0"/>
        <line num="226" type="stmt" count="0"/>
        <line num="228" type="method" name="applyBody" crap="72" count="0"/>
        <line num="230" type="stmt" count="0"/>
        <line num="231" type="stmt" count="0"/>
        <line num="232" type="stmt" count="0"/>
        <line num="236" type="stmt" count="0"/>
        <line num="237" type="stmt" count="0"/>
        <line num="238" type="stmt" count="0"/>
        <line num="239" type="stmt" count="0"/>
        <line num="241" type="stmt" count="0"/>
        <line num="242" type="stmt" count="0"/>
        <line num="243" type="stmt" count="0"/>
        <line num="244" type="stmt" count="0"/>
        <line num="245" type="stmt" count="0"/>
        <line num="246" type="stmt" count="0"/>
        <line num="247" type="stmt" count="0"/>
        <line num="248" type="stmt" count="0"/>
        <line num="249" type="stmt" count="0"/>
        <line num="251" type="stmt" count="0"/>
        <line num="256" type="stmt" count="0"/>
        <line num="257" type="stmt" count="0"/>
        <line num="258" type="stmt" count="0"/>
        <line num="261" type="stmt" count="0"/>
        <line num="262" type="stmt" count="0"/>
        <line num="263" type="stmt" count="0"/>
        <line num="264" type="stmt" count="0"/>
        <line num="266" type="method" name="applyHeaders" crap="20" count="0"/>
        <line num="268" type="stmt" count="0"/>
        <line num="269" type="stmt" count="0"/>
        <line num="270" type="stmt" count="0"/>
        <line num="271" type="stmt" count="0"/>
        <line num="272" type="stmt" count="0"/>
        <line num="275" type="stmt" count="0"/>
        <line num="276" type="stmt" count="0"/>
        <line num="277" type="stmt" count="0"/>
        <line num="278" type="stmt" count="0"/>
        <line num="286" type="method" name="removeHeader" crap="12" count="0"/>
        <line num="288" type="stmt" count="0"/>
        <line num="289" type="stmt" count="0"/>
        <line num="290" type="stmt" count="0"/>
        <line num="291" type="stmt" count="0"/>
        <line num="293" type="stmt" count="0"/>
        <line num="294" type="stmt" count="0"/>
        <line num="296" type="method" name="applyHandlerOptions" crap="702" count="0"/>
        <line num="298" type="stmt" count="0"/>
        <line num="299" type="stmt" count="0"/>
        <line num="300" type="stmt" count="0"/>
        <line num="301" type="stmt" count="0"/>
        <line num="302" type="stmt" count="0"/>
        <line num="303" type="stmt" count="0"/>
        <line num="304" type="stmt" count="0"/>
        <line num="305" type="stmt" count="0"/>
        <line num="306" type="stmt" count="0"/>
        <line num="307" type="stmt" count="0"/>
        <line num="308" type="stmt" count="0"/>
        <line num="309" type="stmt" count="0"/>
        <line num="310" type="stmt" count="0"/>
        <line num="311" type="stmt" count="0"/>
        <line num="312" type="stmt" count="0"/>
        <line num="314" type="stmt" count="0"/>
        <line num="316" type="stmt" count="0"/>
        <line num="318" type="stmt" count="0"/>
        <line num="319" type="stmt" count="0"/>
        <line num="320" type="stmt" count="0"/>
        <line num="321" type="stmt" count="0"/>
        <line num="322" type="stmt" count="0"/>
        <line num="323" type="stmt" count="0"/>
        <line num="325" type="stmt" count="0"/>
        <line num="327" type="stmt" count="0"/>
        <line num="329" type="stmt" count="0"/>
        <line num="330" type="stmt" count="0"/>
        <line num="331" type="stmt" count="0"/>
        <line num="332" type="stmt" count="0"/>
        <line num="333" type="stmt" count="0"/>
        <line num="335" type="stmt" count="0"/>
        <line num="336" type="stmt" count="0"/>
        <line num="337" type="stmt" count="0"/>
        <line num="339" type="stmt" count="0"/>
        <line num="341" type="stmt" count="0"/>
        <line num="343" type="stmt" count="0"/>
        <line num="345" type="stmt" count="0"/>
        <line num="347" type="stmt" count="0"/>
        <line num="349" type="stmt" count="0"/>
        <line num="350" type="stmt" count="0"/>
        <line num="353" type="stmt" count="0"/>
        <line num="354" type="stmt" count="0"/>
        <line num="355" type="stmt" count="0"/>
        <line num="357" type="stmt" count="0"/>
        <line num="358" type="stmt" count="0"/>
        <line num="359" type="stmt" count="0"/>
        <line num="361" type="stmt" count="0"/>
        <line num="362" type="stmt" count="0"/>
        <line num="363" type="stmt" count="0"/>
        <line num="364" type="stmt" count="0"/>
        <line num="365" type="stmt" count="0"/>
        <line num="366" type="stmt" count="0"/>
        <line num="367" type="stmt" count="0"/>
        <line num="368" type="stmt" count="0"/>
        <line num="369" type="stmt" count="0"/>
        <line num="371" type="stmt" count="0"/>
        <line num="372" type="stmt" count="0"/>
        <line num="373" type="stmt" count="0"/>
        <line num="374" type="stmt" count="0"/>
        <line num="375" type="stmt" count="0"/>
        <line num="376" type="stmt" count="0"/>
        <line num="377" type="stmt" count="0"/>
        <line num="378" type="stmt" count="0"/>
        <line num="379" type="stmt" count="0"/>
        <line num="380" type="stmt" count="0"/>
        <line num="382" type="stmt" count="0"/>
        <line num="383" type="stmt" count="0"/>
        <line num="385" type="stmt" count="0"/>
        <line num="386" type="stmt" count="0"/>
        <line num="387" type="stmt" count="0"/>
        <line num="388" type="stmt" count="0"/>
        <line num="389" type="stmt" count="0"/>
        <line num="390" type="stmt" count="0"/>
        <line num="391" type="stmt" count="0"/>
        <line num="392" type="stmt" count="0"/>
        <line num="393" type="stmt" count="0"/>
        <line num="394" type="stmt" count="0"/>
        <line num="396" type="stmt" count="0"/>
        <line num="397" type="stmt" count="0"/>
        <line num="399" type="stmt" count="0"/>
        <line num="400" type="stmt" count="0"/>
        <line num="401" type="stmt" count="0"/>
        <line num="402" type="stmt" count="0"/>
        <line num="404" type="stmt" count="0"/>
        <line num="406" type="stmt" count="0"/>
        <line num="408" type="stmt" count="0"/>
        <line num="410" type="stmt" count="0"/>
        <line num="411" type="stmt" count="0"/>
        <line num="412" type="stmt" count="0"/>
        <line num="413" type="stmt" count="0"/>
        <line num="414" type="stmt" count="0"/>
        <line num="415" type="stmt" count="0"/>
        <line num="417" type="stmt" count="0"/>
        <line num="418" type="stmt" count="0"/>
        <line num="419" type="stmt" count="0"/>
        <line num="420" type="stmt" count="0"/>
        <line num="421" type="stmt" count="0"/>
        <line num="432" type="method" name="retryFailedRewind" crap="30" count="0"/>
        <line num="439" type="stmt" count="0"/>
        <line num="440" type="stmt" count="0"/>
        <line num="441" type="stmt" count="0"/>
        <line num="442" type="stmt" count="0"/>
        <line num="443" type="stmt" count="0"/>
        <line num="444" type="stmt" count="0"/>
        <line num="446" type="stmt" count="0"/>
        <line num="447" type="stmt" count="0"/>
        <line num="448" type="stmt" count="0"/>
        <line num="452" type="stmt" count="0"/>
        <line num="453" type="stmt" count="0"/>
        <line num="454" type="stmt" count="0"/>
        <line num="455" type="stmt" count="0"/>
        <line num="457" type="stmt" count="0"/>
        <line num="458" type="stmt" count="0"/>
        <line num="459" type="stmt" count="0"/>
        <line num="460" type="stmt" count="0"/>
        <line num="461" type="stmt" count="0"/>
        <line num="463" type="stmt" count="0"/>
        <line num="466" type="stmt" count="0"/>
        <line num="469" type="method" name="createHeaderFn" crap="56" count="0"/>
        <line num="471" type="stmt" count="0"/>
        <line num="472" type="stmt" count="0"/>
        <line num="473" type="stmt" count="0"/>
        <line num="474" type="stmt" count="0"/>
        <line num="476" type="stmt" count="0"/>
        <line num="479" type="method" name="anonymous function" crap="30" count="0"/>
        <line num="480" type="stmt" count="0"/>
        <line num="481" type="stmt" count="0"/>
        <line num="482" type="stmt" count="0"/>
        <line num="484" type="stmt" count="0"/>
        <line num="485" type="stmt" count="0"/>
        <line num="486" type="stmt" count="0"/>
        <line num="487" type="stmt" count="0"/>
        <line num="488" type="stmt" count="0"/>
        <line num="490" type="stmt" count="0"/>
        <line num="491" type="stmt" count="0"/>
        <line num="494" type="stmt" count="0"/>
        <line num="495" type="stmt" count="0"/>
        <line num="497" type="stmt" count="0"/>
        <line num="498" type="stmt" count="0"/>
        <line num="499" type="stmt" count="0"/>
        <line num="500" type="stmt" count="0"/>
        <line num="501" type="stmt" count="0"/>
        <line num="502" type="stmt" count="0"/>
        <line num="504" type="stmt" count="0"/>
        <line num="505" type="stmt" count="0"/>
        <metrics loc="507" ncloc="420" classes="1" methods="15" coveredmethods="1" conditionals="0" coveredconditionals="0" statements="288" coveredstatements="2" elements="303" coveredelements="3"/>
      </file>
      <file name="/home/jz/projects/php/api-expectations/vendor/guzzlehttp/guzzle/src/Handler/CurlHandler.php">
        <class name="CurlHandler" namespace="GuzzleHttp\Handler">
          <metrics methods="2" coveredmethods="1" conditionals="0" coveredconditionals="0" statements="11" coveredstatements="4" elements="13" coveredelements="5"/>
        </class>
        <line num="26" type="method" name="__construct" crap="2" count="7"/>
        <line num="28" type="stmt" count="7"/>
        <line num="29" type="stmt" count="7"/>
        <line num="30" type="stmt" count="7"/>
        <line num="31" type="stmt" count="7"/>
        <line num="33" type="method" name="__invoke" crap="6" count="0"/>
        <line num="35" type="stmt" count="0"/>
        <line num="36" type="stmt" count="0"/>
        <line num="37" type="stmt" count="0"/>
        <line num="39" type="stmt" count="0"/>
        <line num="40" type="stmt" count="0"/>
        <line num="41" type="stmt" count="0"/>
        <line num="43" type="stmt" count="0"/>
        <metrics loc="45" ncloc="30" classes="1" methods="2" coveredmethods="1" conditionals="0" coveredconditionals="0" statements="11" coveredstatements="4" elements="13" coveredelements="5"/>
      </file>
      <file name="/home/jz/projects/php/api-expectations/vendor/guzzlehttp/guzzle/src/Handler/CurlMultiHandler.php">
        <class name="CurlMultiHandler" namespace="GuzzleHttp\Handler">
          <metrics methods="10" coveredmethods="1" conditionals="0" coveredconditionals="0" statements="86" coveredstatements="7" elements="96" coveredelements="8"/>
        </class>
        <line num="36" type="method" name="__construct" crap="3" count="7"/>
        <line num="38" type="stmt" count="7"/>
        <line num="39" type="stmt" count="7"/>
        <line num="40" type="stmt" count="7"/>
        <line num="41" type="stmt" count="7"/>
        <line num="42" type="stmt" count="7"/>
        <line num="44" type="method" name="__get" crap="6" count="0"/>
        <line num="46" type="stmt" count="0"/>
        <line num="47" type="stmt" count="0"/>
        <line num="50" type="stmt" count="0"/>
        <line num="53" type="method" name="__destruct" crap="2.86" count="7"/>
        <line num="55" type="stmt" count="7"/>
        <line num="56" type="stmt" count="0"/>
        <line num="57" type="stmt" count="0"/>
        <line num="58" type="stmt" count="0"/>
        <line num="59" type="stmt" count="7"/>
        <line num="61" type="method" name="__invoke" crap="2" count="0"/>
        <line num="63" type="stmt" count="0"/>
        <line num="64" type="stmt" count="0"/>
        <line num="66" type="stmt" count="0"/>
        <line num="67" type="stmt" count="0"/>
        <line num="69" type="stmt" count="0"/>
        <line num="71" type="stmt" count="0"/>
        <line num="73" type="stmt" count="0"/>
        <line num="79" type="method" name="tick" crap="56" count="0"/>
        <line num="82" type="stmt" count="0"/>
        <line num="83" type="stmt" count="0"/>
        <line num="84" type="stmt" count="0"/>
        <line num="85" type="stmt" count="0"/>
        <line num="86" type="stmt" count="0"/>
        <line num="87" type="stmt" count="0"/>
        <line num="88" type="stmt" count="0"/>
        <line num="89" type="stmt" count="0"/>
        <line num="90" type="stmt" count="0"/>
        <line num="91" type="stmt" count="0"/>
        <line num="92" type="stmt" count="0"/>
        <line num="93" type="stmt" count="0"/>
        <line num="96" type="stmt" count="0"/>
        <line num="98" type="stmt" count="0"/>
        <line num="99" type="stmt" count="0"/>
        <line num="100" type="stmt" count="0"/>
        <line num="103" type="stmt" count="0"/>
        <line num="104" type="stmt" count="0"/>
        <line num="106" type="stmt" count="0"/>
        <line num="108" type="stmt" count="0"/>
        <line num="109" type="stmt" count="0"/>
        <line num="114" type="method" name="execute" crap="30" count="0"/>
        <line num="116" type="stmt" count="0"/>
        <line num="118" type="stmt" count="0"/>
        <line num="120" type="stmt" count="0"/>
        <line num="121" type="stmt" count="0"/>
        <line num="122" type="stmt" count="0"/>
        <line num="123" type="stmt" count="0"/>
        <line num="124" type="stmt" count="0"/>
        <line num="125" type="stmt" count="0"/>
        <line num="127" type="method" name="addRequest" crap="6" count="0"/>
        <line num="129" type="stmt" count="0"/>
        <line num="130" type="stmt" count="0"/>
        <line num="131" type="stmt" count="0"/>
        <line num="132" type="stmt" count="0"/>
        <line num="133" type="stmt" count="0"/>
        <line num="134" type="stmt" count="0"/>
        <line num="135" type="stmt" count="0"/>
        <line num="137" type="stmt" count="0"/>
        <line num="146" type="method" name="cancel" crap="6" count="0"/>
        <line num="149" type="stmt" count="0"/>
        <line num="150" type="stmt" count="0"/>
        <line num="153" type="stmt" count="0"/>
        <line num="154" type="stmt" count="0"/>
        <line num="155" type="stmt" count="0"/>
        <line num="156" type="stmt" count="0"/>
        <line num="158" type="stmt" count="0"/>
        <line num="161" type="method" name="processMessages" crap="12" count="0"/>
        <line num="163" type="stmt" count="0"/>
        <line num="164" type="stmt" count="0"/>
        <line num="165" type="stmt" count="0"/>
        <line num="167" type="stmt" count="0"/>
        <line num="169" type="stmt" count="0"/>
        <line num="172" type="stmt" count="0"/>
        <line num="173" type="stmt" count="0"/>
        <line num="174" type="stmt" count="0"/>
        <line num="175" type="stmt" count="0"/>
        <line num="176" type="stmt" count="0"/>
        <line num="177" type="stmt" count="0"/>
        <line num="178" type="stmt" count="0"/>
        <line num="179" type="stmt" count="0"/>
        <line num="180" type="stmt" count="0"/>
        <line num="181" type="stmt" count="0"/>
        <line num="182" type="stmt" count="0"/>
        <line num="183" type="stmt" count="0"/>
        <line num="185" type="method" name="timeToNext" crap="12" count="0"/>
        <line num="187" type="stmt" count="0"/>
        <line num="188" type="stmt" count="0"/>
        <line num="189" type="stmt" count="0"/>
        <line num="190" type="stmt" count="0"/>
        <line num="191" type="stmt" count="0"/>
        <line num="192" type="stmt" count="0"/>
        <line num="193" type="stmt" count="0"/>
        <line num="195" type="stmt" count="0"/>
        <metrics loc="197" ncloc="151" classes="1" methods="10" coveredmethods="1" conditionals="0" coveredconditionals="0" statements="89" coveredstatements="7" elements="99" coveredelements="8"/>
      </file>
      <file name="/home/jz/projects/php/api-expectations/vendor/guzzlehttp/guzzle/src/Handler/MockHandler.php">
        <class name="MockHandler" namespace="GuzzleHttp\Handler">
          <metrics methods="8" coveredmethods="1" conditionals="0" coveredconditionals="0" statements="46" coveredstatements="23" elements="54" coveredelements="24"/>
        </class>
        <line num="31" type="method" name="createWithMiddleware" crap="2" count="0"/>
        <line num="36" type="stmt" count="0"/>
        <line num="48" type="method" name="__construct" crap="2" count="2"/>
        <line num="53" type="stmt" count="2"/>
        <line num="54" type="stmt" count="2"/>
        <line num="56" type="stmt" count="2"/>
        <line num="57" type="stmt" count="2"/>
        <line num="58" type="stmt" count="2"/>
        <line num="59" type="stmt" count="2"/>
        <line num="61" type="method" name="__invoke" crap="20.64" count="2"/>
        <line num="63" type="stmt" count="2"/>
        <line num="64" type="stmt" count="0"/>
        <line num="67" type="stmt" count="2"/>
        <line num="68" type="stmt" count="0"/>
        <line num="69" type="stmt" count="0"/>
        <line num="71" type="stmt" count="2"/>
        <line num="72" type="stmt" count="2"/>
        <line num="73" type="stmt" count="2"/>
        <line num="75" type="stmt" count="2"/>
        <line num="76" type="stmt" count="0"/>
        <line num="77" type="stmt" count="0"/>
        <line num="80" type="stmt" count="2"/>
        <line num="81" type="stmt" count="2"/>
        <line num="83" type="stmt" count="2"/>
        <line num="84" type="stmt" count="2"/>
        <line num="87" type="stmt" count="0"/>
        <line num="89" type="stmt" count="0"/>
        <line num="90" type="stmt" count="0"/>
        <line num="91" type="stmt" count="0"/>
        <line num="92" type="stmt" count="0"/>
        <line num="93" type="stmt" count="0"/>
        <line num="94" type="method" name="anonymous function" crap="6" count="0"/>
        <line num="95" type="stmt" count="0"/>
        <line num="96" type="stmt" count="0"/>
        <line num="97" type="stmt" count="0"/>
        <line num="98" type="stmt" count="0"/>
        <line num="100" type="stmt" count="0"/>
        <line num="107" type="method" name="append" crap="7.73" count="2"/>
        <line num="109" type="stmt" count="2"/>
        <line num="111" type="stmt" count="2"/>
        <line num="112" type="stmt" count="0"/>
        <line num="113" type="stmt" count="0"/>
        <line num="114" type="stmt" count="2"/>
        <line num="115" type="stmt" count="2"/>
        <line num="116" type="stmt" count="2"/>
        <line num="117" type="stmt" count="0"/>
        <line num="118" type="stmt" count="0"/>
        <line num="120" type="stmt" count="2"/>
        <line num="121" type="stmt" count="2"/>
        <line num="128" type="method" name="getLastRequest" crap="2" count="0"/>
        <line num="130" type="stmt" count="0"/>
        <line num="138" type="method" name="getLastOptions" crap="2" count="0"/>
        <line num="140" type="stmt" count="0"/>
[...]
        <line num="735" type="stmt" count="0"/>
        <line num="736" type="stmt" count="0"/>
        <line num="737" type="stmt" count="0"/>
        <line num="738" type="stmt" count="0"/>
        <line num="739" type="stmt" count="0"/>
        <line num="740" type="stmt" count="0"/>
        <line num="741" type="stmt" count="0"/>
        <line num="744" type="stmt" count="0"/>
        <line num="752" type="method" name="count" crap="2" count="0"/>
        <line num="754" type="stmt" count="0"/>
        <line num="760" type="method" name="sortAdapters" crap="5" count="7"/>
        <line num="763" type="stmt" count="7"/>
        <line num="764" type="stmt" count="7"/>
        <line num="767" type="stmt" count="7"/>
        <line num="768" type="stmt" count="7"/>
        <line num="770" type="stmt" count="7"/>
        <line num="780" type="method" name="searchInDirectory" crap="6.68" count="7"/>
        <line num="782" type="stmt" count="7"/>
        <line num="783" type="stmt" count="7"/>
        <line num="784" type="stmt" count="7"/>
        <line num="786" type="stmt" count="7"/>
        <line num="787" type="stmt" count="7"/>
        <line num="788" type="stmt" count="7"/>
        <line num="790" type="stmt" count="7"/>
        <line num="791" type="stmt" count="7"/>
        <line num="793" type="stmt" count="7"/>
        <line num="794" type="stmt" count="7"/>
        <line num="795" type="stmt" count="7"/>
        <line num="796" type="stmt" count="0"/>
        <line num="798" type="stmt" count="0"/>
        <line num="799" type="stmt" count="0"/>
        <line num="801" type="stmt" count="0"/>
        <line num="809" type="method" name="buildAdapter" crap="1" count="7"/>
        <line num="812" type="stmt" count="7"/>
        <line num="813" type="stmt" count="7"/>
        <line num="814" type="stmt" count="7"/>
        <line num="815" type="stmt" count="7"/>
        <line num="816" type="stmt" count="7"/>
        <line num="817" type="stmt" count="7"/>
        <line num="818" type="stmt" count="7"/>
        <line num="819" type="stmt" count="7"/>
        <line num="820" type="stmt" count="7"/>
        <line num="821" type="stmt" count="7"/>
        <line num="822" type="stmt" count="7"/>
        <line num="823" type="stmt" count="7"/>
        <line num="824" type="stmt" count="7"/>
        <line num="825" type="stmt" count="7"/>
        <line num="826" type="stmt" count="7"/>
        <line num="834" type="method" name="anonymous function" crap="1" count="7"/>
        <line num="835" type="stmt" count="7"/>
        <line num="837" type="stmt" count="7"/>
        <line num="838" type="stmt" count="7"/>
        <line num="839" type="stmt" count="7"/>
        <metrics loc="840" ncloc="418" classes="1" methods="39" coveredmethods="7" conditionals="0" coveredconditionals="0" statements="157" coveredstatements="66" elements="196" coveredelements="73"/>
      </file>
      <file name="/home/jz/projects/php/api-expectations/vendor/symfony/finder/Glob.php">
        <class name="Glob" namespace="Symfony\Component\Finder">
          <metrics methods="1" coveredmethods="0" conditionals="0" coveredconditionals="0" statements="45" coveredstatements="27" elements="46" coveredelements="27"/>
        </class>
        <line num="48" type="method" name="toRegex" crap="92.50" count="7"/>
        <line num="50" type="stmt" count="7"/>
        <line num="51" type="stmt" count="7"/>
        <line num="52" type="stmt" count="7"/>
        <line num="53" type="stmt" count="7"/>
        <line num="54" type="stmt" count="7"/>
        <line num="55" type="stmt" count="7"/>
        <line num="56" type="stmt" count="7"/>
        <line num="57" type="stmt" count="7"/>
        <line num="58" type="stmt" count="7"/>
        <line num="59" type="stmt" count="7"/>
        <line num="60" type="stmt" count="7"/>
        <line num="62" type="stmt" count="7"/>
        <line num="63" type="stmt" count="7"/>
        <line num="65" type="stmt" count="7"/>
        <line num="66" type="stmt" count="0"/>
        <line num="67" type="stmt" count="0"/>
        <line num="69" type="stmt" count="7"/>
        <line num="70" type="stmt" count="7"/>
        <line num="71" type="stmt" count="7"/>
        <line num="72" type="stmt" count="7"/>
        <line num="73" type="stmt" count="7"/>
        <line num="74" type="stmt" count="0"/>
        <line num="75" type="stmt" count="7"/>
        <line num="76" type="stmt" count="0"/>
        <line num="77" type="stmt" count="0"/>
        <line num="78" type="stmt" count="0"/>
        <line num="79" type="stmt" count="0"/>
        <line num="80" type="stmt" count="7"/>
        <line num="81" type="stmt" count="0"/>
        <line num="82" type="stmt" count="0"/>
        <line num="83" type="stmt" count="0"/>
        <line num="84" type="stmt" count="0"/>
        <line num="85" type="stmt" count="7"/>
        <line num="86" type="stmt" count="0"/>
        <line num="87" type="stmt" count="7"/>
        <line num="88" type="stmt" count="0"/>
        <line num="89" type="stmt" count="0"/>
        <line num="90" type="stmt" count="0"/>
        <line num="91" type="stmt" count="0"/>
        <line num="92" type="stmt" count="0"/>
        <line num="95" type="stmt" count="0"/>
        <line num="97" type="stmt" count="7"/>
        <line num="99" type="stmt" count="7"/>
        <line num="100" type="stmt" count="7"/>
        <line num="102" type="stmt" count="7"/>
        <metrics loc="104" ncloc="64" classes="1" methods="1" coveredmethods="0" conditionals="0" coveredconditionals="0" statements="45" coveredstatements="27" elements="46" coveredelements="27"/>
      </file>
      <file name="/home/jz/projects/php/api-expectations/vendor/symfony/finder/SplFileInfo.php">
        <class name="SplFileInfo" namespace="Symfony\Component\Finder">
          <metrics methods="4" coveredmethods="3" conditionals="0" coveredconditionals="0" statements="13" coveredstatements="6" elements="17" coveredelements="9"/>
        </class>
        <line num="31" type="method" name="__construct" crap="1" count="7"/>
        <line num="33" type="stmt" count="7"/>
        <line num="34" type="stmt" count="7"/>
        <line num="35" type="stmt" count="7"/>
        <line num="36" type="stmt" count="7"/>
        <line num="43" type="method" name="getRelativePath" crap="1" count="7"/>
        <line num="45" type="stmt" count="7"/>
        <line num="53" type="method" name="getRelativePathname" crap="1" count="7"/>
        <line num="55" type="stmt" count="7"/>
        <line num="65" type="method" name="getContents" crap="6" count="0"/>
        <line num="67" type="stmt" count="0"/>
        <line num="68" type="stmt" count="0"/>
        <line num="69" type="stmt" count="0"/>
        <line num="70" type="stmt" count="0"/>
        <line num="71" type="stmt" count="0"/>
        <line num="72" type="stmt" count="0"/>
        <line num="75" type="stmt" count="0"/>
        <metrics loc="77" ncloc="40" classes="1" methods="4" coveredmethods="3" conditionals="0" coveredconditionals="0" statements="13" coveredstatements="6" elements="17" coveredelements="9"/>
      </file>
    </package>
    <package name="Symfony\Component\Finder\Iterator">
      <file name="/home/jz/projects/php/api-expectations/vendor/symfony/finder/Iterator/ExcludeDirectoryFilterIterator.php">
        <class name="ExcludeDirectoryFilterIterator" namespace="Symfony\Component\Finder\Iterator">
          <metrics methods="2" coveredmethods="1" conditionals="0" coveredconditionals="0" statements="12" coveredstatements="11" elements="14" coveredelements="12"/>
        </class>
        <line num="29" type="method" name="__construct" crap="2" count="7"/>
        <line num="31" type="stmt" count="7"/>
        <line num="32" type="stmt" count="7"/>
        <line num="33" type="stmt" count="7"/>
        <line num="35" type="stmt" count="7"/>
        <line num="36" type="stmt" count="7"/>
        <line num="43" type="method" name="accept" crap="4.05" count="7"/>
        <line num="45" type="stmt" count="7"/>
        <line num="46" type="stmt" count="7"/>
        <line num="47" type="stmt" count="7"/>
        <line num="48" type="stmt" count="7"/>
        <line num="49" type="stmt" count="0"/>
        <line num="51" type="stmt" count="7"/>
        <line num="53" type="stmt" count="7"/>
        <metrics loc="55" ncloc="31" classes="1" methods="2" coveredmethods="1" conditionals="0" coveredconditionals="0" statements="12" coveredstatements="11" elements="14" coveredelements="12"/>
      </file>
      <file name="/home/jz/projects/php/api-expectations/vendor/symfony/finder/Iterator/FileTypeFilterIterator.php">
        <class name="FileTypeFilterIterator" namespace="Symfony\Component\Finder\Iterator">
          <metrics methods="2" coveredmethods="1" conditionals="0" coveredconditionals="0" statements="9" coveredstatements="7" elements="11" coveredelements="8"/>
        </class>
        <line num="32" type="method" name="__construct" crap="1" count="7"/>
        <line num="34" type="stmt" count="7"/>
        <line num="36" type="stmt" count="7"/>
        <line num="37" type="stmt" count="7"/>
        <line num="44" type="method" name="accept" crap="5.93" count="7"/>
        <line num="46" type="stmt" count="7"/>
        <line num="47" type="stmt" count="7"/>
        <line num="48" type="stmt" count="0"/>
        <line num="49" type="stmt" count="7"/>
        <line num="50" type="stmt" count="0"/>
        <line num="53" type="stmt" count="7"/>
        <metrics loc="55" ncloc="31" classes="1" methods="2" coveredmethods="1" conditionals="0" coveredconditionals="0" statements="9" coveredstatements="7" elements="11" coveredelements="8"/>
      </file>
      <file name="/home/jz/projects/php/api-expectations/vendor/symfony/finder/Iterator/FilenameFilterIterator.php">
        <class name="FilenameFilterIterator" namespace="Symfony\Component\Finder\Iterator">
          <metrics methods="2" coveredmethods="1" conditionals="0" coveredconditionals="0" statements="15" coveredstatements="10" elements="17" coveredelements="11"/>
        </class>
        <line num="28" type="method" name="accept" crap="7.64" count="7"/>
        <line num="30" type="stmt" count="7"/>
        <line num="33" type="stmt" count="7"/>
        <line num="34" type="stmt" count="0"/>
        <line num="35" type="stmt" count="0"/>
        <line num="37" type="stmt" count="7"/>
        <line num="40" type="stmt" count="7"/>
        <line num="41" type="stmt" count="7"/>
        <line num="42" type="stmt" count="7"/>
        <line num="43" type="stmt" count="7"/>
        <line num="44" type="stmt" count="7"/>
        <line num="45" type="stmt" count="7"/>
        <line num="47" type="stmt" count="0"/>
        <line num="48" type="stmt" count="0"/>
        <line num="50" type="stmt" count="0"/>
        <line num="63" type="method" name="toRegex" crap="1" count="7"/>
        <line num="65" type="stmt" count="7"/>
        <metrics loc="67" ncloc="35" classes="1" methods="2" coveredmethods="1" conditionals="0" coveredconditionals="0" statements="15" coveredstatements="10" elements="17" coveredelements="11"/>
      </file>
      <file name="/home/jz/projects/php/api-expectations/vendor/symfony/finder/Iterator/FilterIterator.php">
        <class name="FilterIterator" namespace="Symfony\Component\Finder\Iterator">
          <metrics methods="1" coveredmethods="0" conditionals="0" coveredconditionals="0" statements="16" coveredstatements="13" elements="17" coveredelements="13"/>
        </class>
        <line num="29" type="method" name="rewind" crap="5.16" count="7"/>
        <line num="31" type="stmt" count="7"/>
        <line num="32" type="stmt" count="7"/>
        <line num="33" type="stmt" count="7"/>
        <line num="35" type="stmt" count="7"/>
        <line num="36" type="stmt" count="7"/>
        <line num="37" type="stmt" count="7"/>
        <line num="38" type="stmt" count="7"/>
        <line num="39" type="stmt" count="7"/>
        <line num="40" type="stmt" count="7"/>
        <line num="41" type="stmt" count="0"/>
        <line num="42" type="stmt" count="0"/>
        <line num="43" type="stmt" count="0"/>
        <line num="44" type="stmt" count="7"/>
        <line num="45" type="stmt" count="7"/>
        <line num="47" type="stmt" count="7"/>
        <line num="48" type="stmt" count="7"/>
        <metrics loc="49" ncloc="28" classes="1" methods="1" coveredmethods="0" conditionals="0" coveredconditionals="0" statements="16" coveredstatements="13" elements="17" coveredelements="13"/>
      </file>
      <file name="/home/jz/projects/php/api-expectations/vendor/symfony/finder/Iterator/MultiplePcreFilterIterator.php">
        <class name="MultiplePcreFilterIterator" namespace="Symfony\Component\Finder\Iterator">
          <metrics methods="2" coveredmethods="2" conditionals="0" coveredconditionals="0" statements="9" coveredstatements="9" elements="11" coveredelements="11"/>
        </class>
        <line num="33" type="method" name="__construct" crap="3" count="7"/>
        <line num="35" type="stmt" count="7"/>
        <line num="36" type="stmt" count="7"/>
        <line num="37" type="stmt" count="7"/>
        <line num="39" type="stmt" count="7"/>
        <line num="40" type="stmt" count="7"/>
        <line num="41" type="stmt" count="7"/>
        <line num="43" type="stmt" count="7"/>
        <line num="44" type="stmt" count="7"/>
        <line num="53" type="method" name="isRegex" crap="1" count="7"/>
        <line num="55" type="stmt" count="7"/>
        <metrics loc="66" ncloc="32" classes="1" methods="2" coveredmethods="2" conditionals="0" coveredconditionals="0" statements="9" coveredstatements="9" elements="11" coveredelements="11"/>
      </file>
      <file name="/home/jz/projects/php/api-expectations/vendor/symfony/finder/Iterator/PathFilterIterator.php">
        <class name="PathFilterIterator" namespace="Symfony\Component\Finder\Iterator">
          <metrics methods="2" coveredmethods="1" conditionals="0" coveredconditionals="0" statements="18" coveredstatements="9" elements="20" coveredelements="10"/>
        </class>
        <line num="27" type="method" name="accept" crap="14.27" count="7"/>
        <line num="29" type="stmt" count="7"/>
        <line num="31" type="stmt" count="7"/>
        <line num="32" type="stmt" count="0"/>
        <line num="33" type="stmt" count="0"/>
        <line num="36" type="stmt" count="7"/>
        <line num="37" type="stmt" count="7"/>
        <line num="38" type="stmt" count="0"/>
        <line num="40" type="stmt" count="7"/>
        <line num="43" type="stmt" count="7"/>
        <line num="44" type="stmt" count="7"/>
        <line num="45" type="stmt" count="0"/>
        <line num="46" type="stmt" count="0"/>
        <line num="47" type="stmt" count="0"/>
        <line num="48" type="stmt" count="0"/>
        <line num="50" type="stmt" count="0"/>
        <line num="51" type="stmt" count="0"/>
        <line num="53" type="stmt" count="7"/>
        <line num="70" type="method" name="toRegex" crap="2" count="7"/>
        <line num="72" type="stmt" count="7"/>
        <metrics loc="74" ncloc="37" classes="1" methods="2" coveredmethods="1" conditionals="0" coveredconditionals="0" statements="18" coveredstatements="9" elements="20" coveredelements="10"/>
      </file>
      <file name="/home/jz/projects/php/api-expectations/vendor/symfony/finder/Iterator/RecursiveDirectoryIterator.php">
        <class name="RecursiveDirectoryIterator" namespace="Symfony\Component\Finder\Iterator">
          <metrics methods="5" coveredmethods="1" conditionals="0" coveredconditionals="0" statements="29" coveredstatements="16" elements="34" coveredelements="17"/>
        </class>
        <line num="43" type="method" name="__construct" crap="2.03" count="7"/>
        <line num="45" type="stmt" count="7"/>
        <line num="46" type="stmt" count="0"/>
        <line num="49" type="stmt" count="7"/>
        <line num="50" type="stmt" count="7"/>
        <line num="51" type="stmt" count="7"/>
        <line num="58" type="method" name="current" crap="1" count="7"/>
        <line num="60" type="stmt" count="7"/>
        <line num="68" type="method" name="getChildren" crap="20" count="0"/>
        <line num="71" type="stmt" count="0"/>
        <line num="73" type="stmt" count="0"/>
        <line num="75" type="stmt" count="0"/>
        <line num="76" type="stmt" count="0"/>
        <line num="78" type="stmt" count="0"/>
        <line num="79" type="stmt" count="0"/>
        <line num="80" type="stmt" count="0"/>
        <line num="82" type="stmt" count="0"/>
        <line num="84" type="stmt" count="0"/>
        <line num="92" type="method" name="rewind" crap="2.03" count="7"/>
        <line num="94" type="stmt" count="7"/>
        <line num="95" type="stmt" count="0"/>
        <line num="99" type="stmt" count="7"/>
        <line num="101" type="stmt" count="7"/>
        <line num="102" type="stmt" count="7"/>
        <line num="109" type="method" name="isRewindable" crap="4.18" count="7"/>
        <line num="111" type="stmt" count="7"/>
        <line num="112" type="stmt" count="7"/>
        <line num="115" type="stmt" count="7"/>
        <line num="116" type="stmt" count="7"/>
        <line num="117" type="stmt" count="7"/>
        <line num="119" type="stmt" count="7"/>
        <line num="120" type="stmt" count="7"/>
        <line num="122" type="stmt" count="0"/>
        <line num="124" type="stmt" count="0"/>
        <metrics loc="126" ncloc="74" classes="1" methods="5" coveredmethods="1" conditionals="0" coveredconditionals="0" statements="29" coveredstatements="16" elements="34" coveredelements="17"/>
      </file>
    </package>
    <package name="Symfony\Component\Finder\Shell">
      <file name="/home/jz/projects/php/api-expectations/vendor/symfony/finder/Shell/Shell.php">
        <class name="Shell" namespace="Symfony\Component\Finder\Shell">
          <metrics methods="3" coveredmethods="0" conditionals="0" coveredconditionals="0" statements="23" coveredstatements="0" elements="26" coveredelements="0"/>
        </class>
        <line num="35" type="method" name="getType" crap="6" count="0"/>
        <line num="37" type="stmt" count="0"/>
        <line num="38" type="stmt" count="0"/>
        <line num="39" type="stmt" count="0"/>
        <line num="41" type="stmt" count="0"/>
        <line num="51" type="method" name="testCommand" crap="20" count="0"/>
        <line num="53" type="stmt" count="0"/>
        <line num="54" type="stmt" count="0"/>
        <line num="58" type="stmt" count="0"/>
        <line num="59" type="stmt" count="0"/>
        <line num="60" type="stmt" count="0"/>
        <line num="61" type="stmt" count="0"/>
        <line num="63" type="stmt" count="0"/>
        <line num="65" type="stmt" count="0"/>
        <line num="67" type="stmt" count="0"/>
        <line num="75" type="method" name="guessType" crap="30" count="0"/>
        <line num="77" type="stmt" count="0"/>
        <line num="79" type="stmt" count="0"/>
        <line num="80" type="stmt" count="0"/>
        <line num="83" type="stmt" count="0"/>
        <line num="84" type="stmt" count="0"/>
        <line num="87" type="stmt" count="0"/>
        <line num="88" type="stmt" count="0"/>
        <line num="91" type="stmt" count="0"/>
        <line num="92" type="stmt" count="0"/>
        <line num="95" type="stmt" count="0"/>
        <metrics loc="97" ncloc="64" classes="1" methods="3" coveredmethods="0" conditionals="0" coveredconditionals="0" statements="23" coveredstatements="0" elements="26" coveredelements="0"/>
      </file>
    </package>
    <metrics files="105" loc="19219" ncloc="11857" classes="83" methods="687" coveredmethods="194" conditionals="0" coveredconditionals="0" statements="5168" coveredstatements="1384" elements="5855" coveredelements="1578"/>
  </project>
</coverage>
